<?xml version="1.0" encoding="UTF-8"?>
<!-- Generated by org.testng.reporters.JUnitReportReporter -->
<testsuite hostname="LAPTOP-2E8A84ST" failures="0" tests="1" name="Campaign.Create_CampaignTest" time="18.000" errors="0" timestamp="2024-07-01T18:13:22 IST" skipped="0">
  <testcase classname="Campaign.Create_CampaignTest" name="Create_CampaignTest" time="18.000"/>
</testsuite> <!-- Campaign.Create_CampaignTest -->
