<?xml version="1.0" encoding="UTF-8"?>
<!-- Generated by org.testng.reporters.JUnitReportReporter -->
<testsuite hostname="LAPTOP-2E8A84ST" failures="0" tests="1" name="Campaign.Create_Campaign_With_ProductTest" time="28.099" errors="0" timestamp="2024-07-01T18:13:22 IST" skipped="0">
  <testcase classname="Campaign.Create_Campaign_With_ProductTest" name="Create_Campaign_With_ProductTest" time="28.099"/>
</testsuite> <!-- Campaign.Create_Campaign_With_ProductTest -->
